<?xml version="1.0" encoding="UTF-8" ?>
<testsuites>
 <testsuite name="The log part of the webapp" timestamp="2016-03-25T01:16:40" hostname="localhost" time="2.862" errors="0" tests="1" skipped="0" disabled="0" failures="0">
  <testcase classname="The log part of the webapp" name="logs in as my test user and validates current location" time="2.859" />
 </testsuite>
 <testsuite name="The registration part of the webapp" timestamp="2016-03-25T01:16:43" hostname="localhost" time="1.591" errors="0" tests="1" skipped="0" disabled="0" failures="0">
  <testcase classname="The registration part of the webapp" name="registers a new user and validates registration message" time="1.591" />
 </testsuite>
 <testsuite name="The webapp" timestamp="2016-03-25T01:16:44" hostname="localhost" time="18.387" errors="0" tests="8" skipped="0" disabled="0" failures="0">
  <testcase classname="The webapp" name="creates a new post and validates the post appears in the feed" time="2.327" />
  <testcase classname="The webapp" name="updates the status headline and verifies the change" time="1.837" />
  <testcase classname="The webapp" name="adds one followed user and then removes this following" time="3.852" />
  <testcase classname="The webapp" name="searches for &quot;Only One Post Like This&quot; and verifies only one post shows and verify the author" time="1.769" />
  <testcase classname="The webapp" name="navigates to the profile view and verifies the page is loaded" time="1.883" />
  <testcase classname="The webapp" name="updates the user&apos;s email" time="2.055" />
  <testcase classname="The webapp" name="updates the user&apos;s zipcode" time="2.155" />
  <testcase classname="The webapp" name="updates the user&apos;s password" time="2.507" />
 </testsuite>
</testsuites>