<?xml version="1.0" encoding="UTF-8" ?>
<testsuites>
 <testsuite name="The log part of the webapp" timestamp="2016-04-13T00:44:53" hostname="localhost" time="3.972" errors="0" tests="1" skipped="0" disabled="0" failures="0">
  <testcase classname="The log part of the webapp" name="logs in as my test user and validates current location" time="3.97" />
 </testsuite>
 <testsuite name="The registration part of the webapp" timestamp="2016-04-13T00:44:57" hostname="localhost" time="1.826" errors="0" tests="1" skipped="0" disabled="0" failures="0">
  <testcase classname="The registration part of the webapp" name="registers a new user and validates registration message" time="1.825" />
 </testsuite>
 <testsuite name="The webapp" timestamp="2016-04-13T00:44:59" hostname="localhost" time="23.444" errors="0" tests="8" skipped="0" disabled="0" failures="0">
  <testcase classname="The webapp" name="creates a new post and validates the post appears in the feed" time="4.225" />
  <testcase classname="The webapp" name="updates the status headline and verifies the change" time="2.681" />
  <testcase classname="The webapp" name="adds one followed user and then removes this following" time="3.582" />
  <testcase classname="The webapp" name="searches for &quot;Only One Post Like This&quot; and verifies only one post shows and verify the author" time="2.333" />
  <testcase classname="The webapp" name="navigates to the profile view and verifies the page is loaded" time="2.561" />
  <testcase classname="The webapp" name="updates the user&apos;s email" time="2.611" />
  <testcase classname="The webapp" name="updates the user&apos;s zipcode" time="2.714" />
  <testcase classname="The webapp" name="updates the user&apos;s password" time="2.736" />
 </testsuite>
</testsuites>