<?xml version="1.0" encoding="UTF-8" ?>
<testsuites>
 <testsuite name="In class End to End Exercise" timestamp="2016-03-21T18:33:27" hostname="localhost" time="5.573" errors="0" tests="3" skipped="0" disabled="0" failures="0">
  <testcase classname="In class End to End Exercise" name="should work and have header text" time="1.612" />
  <testcase classname="In class End to End Exercise" name="should log in as my test user and validate my status message" time="1.824" />
  <testcase classname="In class End to End Exercise" name="should update the status and then set it back" time="2.135" />
 </testsuite>
</testsuites>